[+] Containers:
 |- [+] Container: /Game/ThirdPerson/Maps/ThirdPersonMap
 |   |- [+] ActorDescs:
 |   |   |- Guid:008AF93B43BED98FB76D34A7A233EFCD BaseClass: NativeClass:/Script/Engine.StaticMeshActor Name:StaticMeshActor_UAID_7C5758C4C207E1D301_2066795646 Label:wall_low_poly22 SpatiallyLoaded:1 Bounds:IsValid=true, Min=(X=-1094.981 Y=628.412 Z=14.949), Max=(X=-1064.572 Y=776.588 Z=102.567) RuntimeGrid:None EditorOnly:0 RuntimeOnly:0 HLODRelevant:1
 |   |   |- Guid:066C56884FAC2AEF0A63B481A37C48B2 BaseClass: NativeClass:/Script/Engine.StaticMeshActor Name:StaticMeshActor_UAID_7C5758C4C207E1D301_1851794628 Label:ramp_low_poly3 SpatiallyLoaded:1 Bounds:IsValid=true, Min=(X=332.969 Y=695.650 Z=15.838), Max=(X=538.416 Y=992.033 Z=192.949) RuntimeGrid:None EditorOnly:0 RuntimeOnly:0 HLODRelevant:1
 |   |   |- Guid:072E57E041F70EB714802ABEE26D9DB1 BaseClass: NativeClass:/Script/Engine.StaticMeshActor Name:StaticMeshActor_UAID_7C5758C4C207E1D301_1543418606 Label:wall_low_poly5 SpatiallyLoaded:1 Bounds:IsValid=true, Min=(X=776.126 Y=1705.537 Z=14.949), Max=(X=806.535 Y=2155.659 Z=102.567) RuntimeGrid:None EditorOnly:0 RuntimeOnly:0 HLODRelevant:1
 |   |   |- Guid:0FCF65154AFF1AA5CF8D8BBD401A074D BaseClass: NativeClass:/Script/Engine.StaticMeshActor Name:StaticMeshActor_UAID_7C5758C4C207E1D301_1642736617 Label:wall_low_poly10 SpatiallyLoaded:1 Bounds:IsValid=true, Min=(X=-663.247 Y=-11.044 Z=270.166), Max=(X=459.118 Y=19.365 Z=357.784) RuntimeGrid:None EditorOnly:0 RuntimeOnly:0 HLODRelevant:1
 |   |   |- Guid:1000A6F0488C58FF673EBAA188683237 BaseClass: NativeClass:/Script/Engine.StaticMeshActor Name:StaticMeshActor_UAID_7C5758C4C207E1D301_1500351605 Label:wall_low_poly4 SpatiallyLoaded:1 Bounds:IsValid=true, Min=(X=436.678 Y=2128.650 Z=14.611), Max=(X=805.730 Y=2159.059 Z=102.229) RuntimeGrid:None EditorOnly:0 RuntimeOnly:0 HLODRelevant:1
 |   |   |- Guid:12B1F9754C35C94E7DA1038FF8AD19C6 BaseClass: NativeClass:/Script/Engine.StaticMeshActor Name:StaticMeshActor_UAID_7C5758C4C207E1D301_1469910604 Label:wall_low_poly3 SpatiallyLoaded:1 Bounds:IsValid=true, Min=(X=-644.665 Y=2128.650 Z=270.166), Max=(X=477.700 Y=2159.059 Z=357.784) RuntimeGrid:None EditorOnly:0 RuntimeOnly:0 HLODRelevant:1
 |   |   |- Guid:185121B64B3FC23A5251FA9A4662E870 BaseClass: NativeClass:/Script/Engine.StaticMeshActor Name:StaticMeshActor_UAID_7C5758C4C207E1D301_1187164600 Label:wall_low_poly2 SpatiallyLoaded:1 Bounds:IsValid=true, Min=(X=-661.679 Y=1882.002 Z=270.166), Max=(X=-257.245 Y=1912.411 Z=357.784) RuntimeGrid:None EditorOnly:0 RuntimeOnly:0 HLODRelevant:1
 |   |   |- Guid:1B98163D45F20A316B19B5A2993CE074 BaseClass: NativeClass:/Script/Engine.StaticMeshActor Name:StaticMeshActor_UAID_7C5758C4C207E1D301_2000236633 Label:wall_low_poly13 SpatiallyLoaded:1 Bounds:IsValid=true, Min=(X=776.126 Y=1487.165 Z=14.949), Max=(X=806.535 Y=1635.341 Z=102.567) RuntimeGrid:None EditorOnly:0 RuntimeOnly:0 HLODRelevant:1
 |   |   |- Guid:1D0674A8475DFCB4E67000BCE3F6D9D6 BaseClass: NativeClass:/Script/Engine.StaticMeshActor Name:StaticMeshActor_UAID_7C5758C4C207E1D301_2016523636 Label:cube_low_poly4 SpatiallyLoaded:1 Bounds:IsValid=true, Min=(X=760.520 Y=544.177 Z=12.945), Max=(X=905.319 Y=682.732 Z=132.446) RuntimeGrid:None EditorOnly:0 RuntimeOnly:0 HLODRelevant:1
 |   |   |- Guid:1EDB320943C46CA12A78A8904DAFB8E9 BaseClass: NativeClass:/Script/Engine.StaticMeshActor Name:StaticMeshActor_UAID_7C5758C4C207E1D301_2066785642 Label:wall_low_poly19 SpatiallyLoaded:1 Bounds:IsValid=true, Min=(X=-1094.981 Y=1487.165 Z=14.949), Max=(X=-1064.572 Y=1635.341 Z=102.567) RuntimeGrid:None EditorOnly:0 RuntimeOnly:0 HLODRelevant:1
 |   |   |- Guid:211ECE8B489BF5DB3D4902B3A6B12B81 BaseClass: NativeClass:/Script/Engine.StaticMeshActor Name:StaticMeshActor_UAID_7C5758C4C207E1D301_2066789644 Label:wall_low_poly21 SpatiallyLoaded:1 Bounds:IsValid=true, Min=(X=-1094.981 Y=108.095 Z=14.949), Max=(X=-1064.572 Y=558.217 Z=102.567) RuntimeGrid:None EditorOnly:0 RuntimeOnly:0 HLODRelevant:1
 |   |   |- Guid:21545F004CB2D121DF36EB9D1D5D402F BaseClass: NativeClass:/Script/Engine.StaticMeshActor Name:StaticMeshActor_UAID_7C5758C4C207E1D301_1598390609 Label:wall_low_poly7 SpatiallyLoaded:1 Bounds:IsValid=true, Min=(X=-656.381 Y=1889.983 Z=270.573), Max=(X=-625.972 Y=2143.228 Z=358.191) RuntimeGrid:None EditorOnly:0 RuntimeOnly:0 HLODRelevant:1
 |   |   |- Guid:26353DF14384B4194ED1329EF8FC7D5D BaseClass: NativeClass:/Script/Engine.StaticMeshActor Name:StaticMeshActor_UAID_7C5758C4C207E1D301_1834738626 Label:Cube_18 SpatiallyLoaded:1 Bounds:IsValid=true, Min=(X=-573.932 Y=1001.986 Z=-50.627), Max=(X=468.002 Y=1212.767 Z=149.795) RuntimeGrid:None EditorOnly:0 RuntimeOnly:0 HLODRelevant:1
 |   |   |- Guid:279705904F07EED35A223696C62B6F14 BaseClass: NativeClass:/Script/Engine.StaticMeshActor Name:StaticMeshActor_UAID_7C5758C4C207E0D301_1950100415 Label:Cube_11 SpatiallyLoaded:1 Bounds:IsValid=true, Min=(X=-653.135 Y=1881.586 Z=-9.031), Max=(X=477.093 Y=2179.595 Z=280.724) RuntimeGrid:None EditorOnly:0 RuntimeOnly:0 HLODRelevant:1
 |   |   |- Guid:29389E014654F03D6C886EAE01A6807C BaseClass: NativeClass:/Script/Engine.StaticMeshActor Name:StaticMeshActor_UAID_7C5758C4C207E1D301_2066774638 Label:wall_low_poly17 SpatiallyLoaded:1 Bounds:IsValid=true, Min=(X=-1091.715 Y=2128.650 Z=14.611), Max=(X=-602.537 Y=2159.059 Z=102.229) RuntimeGrid:None EditorOnly:0 RuntimeOnly:0 HLODRelevant:1
 |   |   |- Guid:2B2ED3D047A2A8CD2BF983AF69742848 BaseClass: NativeClass:/Script/Engine.StaticMeshActor Name:StaticMeshActor_UAID_7C5758C4C207E1D301_1642740619 Label:wall_low_poly12 SpatiallyLoaded:1 Bounds:IsValid=true, Min=(X=440.425 Y=4.786 Z=270.573), Max=(X=470.834 Y=258.032 Z=358.191) RuntimeGrid:None EditorOnly:0 RuntimeOnly:0 HLODRelevant:1
 |   |   |- Guid:2B930DD44A4B9DDD01BAF7AEC2E0779B BaseClass: NativeClass:/Script/Engine.StaticMeshActor Name:StaticMeshActor_UAID_7C5758C4C207E1D301_1642728614 Label:Cube_14 SpatiallyLoaded:1 Bounds:IsValid=true, Min=(X=-662.640 Y=-31.580 Z=-9.031), Max=(X=467.588 Y=266.428 Z=280.724) RuntimeGrid:None EditorOnly:0 RuntimeOnly:0 HLODRelevant:1
 |   |   |- Guid:2E57A9CD4376E9FE396C3382CD60B0B6 BaseClass: NativeClass:/Script/Engine.StaticMeshActor Name:StaticMeshActor_UAID_7C5758C4C207E1D301_2016525637 Label:wall_low_poly16 SpatiallyLoaded:1 Bounds:IsValid=true, Min=(X=776.126 Y=628.412 Z=14.949), Max=(X=806.535 Y=776.588 Z=102.567) RuntimeGrid:None EditorOnly:0 RuntimeOnly:0 HLODRelevant:1
 |   |   |- Guid:2F9B363745D30BF016EAD4A934ACA87F BaseClass: NativeClass:/Script/Engine.StaticMeshActor Name:StaticMeshActor_UAID_7C5758C4C207E1D301_1158904599 Label:floor SpatiallyLoaded:1 Bounds:IsValid=true, Min=(X=-155.941 Y=1185.635 Z=20.000), Max=(X=802.474 Y=2144.051 Z=20.000) RuntimeGrid:None EditorOnly:0 RuntimeOnly:0 HLODRelevant:1
 |   |   |- Guid:2FB58999456391D349DC0F86DAC136ED BaseClass: NativeClass:/Script/Engine.SkyLight Name:SkyLight_1 Label:SkyLight SpatiallyLoaded:0 Bounds:IsValid=true, Min=(X=0.000 Y=0.000 Z=690.000), Max=(X=0.000 Y=0.000 Z=690.000) RuntimeGrid:None EditorOnly:0 RuntimeOnly:0 HLODRelevant:0 FolderPath:Lighting FolderGuid:963EC3EB4002CCE9759E2EBA541A873A
 |   |   |- Guid:316CF2A6494ACA4C0E4180A87D36AB8F BaseClass: NativeClass:/Script/Engine.ExponentialHeightFog Name:ExponentialHeightFog_0 Label:ExponentialHeightFog SpatiallyLoaded:0 Bounds:IsValid=true, Min=(X=-5600.000 Y=-50.000 Z=-6850.000), Max=(X=-5600.000 Y=-50.000 Z=-6850.000) RuntimeGrid:None EditorOnly:0 RuntimeOnly:0 HLODRelevant:0 FolderPath:Lighting FolderGuid:963EC3EB4002CCE9759E2EBA541A873A
 |   |   |- Guid:34743AF54652069DC6EE27935B05EA68 BaseClass: NativeClass:/Script/Engine.StaticMeshActor Name:StaticMeshActor_UAID_7C5758C4C207E1D301_1642725613 Label:ramp_low_poly2 SpatiallyLoaded:1 Bounds:IsValid=true, Min=(X=-265.096 Y=254.914 Z=165.911), Max=(X=81.674 Y=621.885 Z=280.251) RuntimeGrid:None EditorOnly:0 RuntimeOnly:0 HLODRelevant:1
 |   |   |- Guid:394664CF4E5618B7A65B0B840A6EB99E BaseClass: NativeClass:/Script/Engine.StaticMeshActor Name:StaticMeshActor_UAID_7C5758C4C207E1D301_1690294621 Label:Cube_15 SpatiallyLoaded:1 Bounds:IsValid=true, Min=(X=-1096.674 Y=1053.081 Z=-162.594), Max=(X=816.707 Y=1174.611 Z=37.828) RuntimeGrid:None EditorOnly:0 RuntimeOnly:0 HLODRelevant:1
 |   |   |- Guid:394E138749238B8F4B681D91B9D50774 BaseClass: NativeClass:/Script/Engine.StaticMeshActor Name:StaticMeshActor_UAID_7C5758C4C207E1D301_2066780640 Label:Cube_19 SpatiallyLoaded:1 Bounds:IsValid=true, Min=(X=-1159.407 Y=596.149 Z=-158.342), Max=(X=-1081.696 Y=1626.945 Z=42.080) RuntimeGrid:None EditorOnly:0 RuntimeOnly:0 HLODRelevant:1
 |   |   |- Guid:3B53993A48FB1D8F6297EA92158CDFA5 BaseClass: NativeClass:/Script/Engine.StaticMeshActor Name:StaticMeshActor_UAID_7C5758C4C207E1D301_2016517634 Label:wall_low_poly14 SpatiallyLoaded:1 Bounds:IsValid=true, Min=(X=437.695 Y=104.694 Z=14.949), Max=(X=806.747 Y=135.104 Z=102.567) RuntimeGrid:None EditorOnly:0 RuntimeOnly:0 HLODRelevant:1
 |   |   |- Guid:42773D1743584AB703F0E68E46F45163 BaseClass: NativeClass:/Script/Engine.StaticMeshActor Name:StaticMeshActor_UAID_7C5758C4C207E1D301_1778216624 Label:Cube_17 SpatiallyLoaded:1 Bounds:IsValid=true, Min=(X=793.250 Y=596.149 Z=-158.342), Max=(X=870.962 Y=1626.945 Z=42.080) RuntimeGrid:None EditorOnly:0 RuntimeOnly:0 HLODRelevant:1
 |   |   |- Guid:4580400943CA1CC7067D26B0353D4DF8 BaseClass: NativeClass:/Script/Engine.StaticMeshActor Name:StaticMeshActor_UAID_7C5758C4C207E1D301_1620437610 Label:floor4 SpatiallyLoaded:1 Bounds:IsValid=true, Min=(X=-155.942 Y=114.679 Z=20.000), Max=(X=802.475 Y=1073.096 Z=20.000) RuntimeGrid:None EditorOnly:0 RuntimeOnly:0 HLODRelevant:1
 |   |   |- Guid:4A465D3A48AAE2B9BE22BF8B188ED585 BaseClass: NativeClass:/Script/Engine.PostProcessVolume Name:PostProcessVolume_UAID_7C5758C4C207E1D301_1664993620 Label:PostProcessVolume SpatiallyLoaded:1 Bounds:IsValid=true, Min=(X=-2181.160 Y=-1162.187 Z=-1068.820), Max=(X=2115.268 Y=3193.760 Z=1870.688) RuntimeGrid:None EditorOnly:0 RuntimeOnly:0 HLODRelevant:0
 |   |   |- Guid:4D3BE93F4146AAAC8BBE79999D96D57F BaseClass: NativeClass:/Script/Engine.VolumetricCloud Name:VolumetricCloud_0 Label:VolumetricCloud SpatiallyLoaded:0 Bounds:IsValid=true, Min=(X=0.000 Y=0.000 Z=820.000), Max=(X=0.000 Y=0.000 Z=820.000) RuntimeGrid:None EditorOnly:0 RuntimeOnly:0 HLODRelevant:0 FolderPath:Lighting FolderGuid:963EC3EB4002CCE9759E2EBA541A873A
 |   |   |- Guid:682901DD4BA846EE918749B9BAFA4313 BaseClass: NativeClass:/Script/Engine.StaticMeshActor Name:StaticMeshActor_UAID_7C5758C4C207E1D301_1788539625 Label:cube_low_poly SpatiallyLoaded:1 Bounds:IsValid=true, Min=(X=321.238 Y=980.448 Z=8.855), Max=(X=558.680 Y=1224.331 Z=197.619) RuntimeGrid:None EditorOnly:0 RuntimeOnly:0 HLODRelevant:1
 |   |   |- Guid:6B694C7B40890F57593B3B97AE5D8A3C BaseClass: NativeClass:/Script/Engine.StaticMeshActor Name:StaticMeshActor_UAID_7C5758C4C207E1D301_1887749629 Label:ramp_low_poly4 SpatiallyLoaded:1 Bounds:IsValid=true, Min=(X=334.900 Y=1203.195 Z=15.838), Max=(X=540.346 Y=1499.577 Z=192.949) RuntimeGrid:None EditorOnly:0 RuntimeOnly:0 HLODRelevant:1
 |   |   |- Guid:6BAF4DDD444C60371492D3919DB42C97 BaseClass: NativeClass:/Script/Engine.WorldDataLayers Name:WorldDataLayers Label:WorldDataLayers SpatiallyLoaded:0 Bounds:IsValid=true, Min=(X=0.000 Y=0.000 Z=0.000), Max=(X=0.000 Y=0.000 Z=0.000) RuntimeGrid:None EditorOnly:0 RuntimeOnly:0 HLODRelevant:0
 |   |   |- Guid:6C1B6A084C9892D38B70799E0F539A18 BaseClass: NativeClass:/Script/Engine.StaticMeshActor Name:StaticMeshActor_UAID_7C5758C4C207E1D301_1642731615 Label:wall_low_poly8 SpatiallyLoaded:1 Bounds:IsValid=true, Min=(X=-662.890 Y=235.604 Z=270.166), Max=(X=-258.456 Y=266.013 Z=357.784) RuntimeGrid:None EditorOnly:0 RuntimeOnly:0 HLODRelevant:1
 |   |   |- Guid:6D828C524E6878833E6F0CA8E769C3B8 BaseClass: NativeClass:/Script/Engine.StaticMeshActor Name:StaticMeshActor_UAID_7C5758C4C207E1D301_2066783641 Label:cube_low_poly5 SpatiallyLoaded:1 Bounds:IsValid=true, Min=(X=-1193.765 Y=1581.021 Z=12.945), Max=(X=-1048.965 Y=1719.576 Z=132.446) RuntimeGrid:None EditorOnly:0 RuntimeOnly:0 HLODRelevant:1
 |   |   |- Guid:6EC17C354A87C1B8E57344B23D45DD0C BaseClass: NativeClass:/Script/Engine.StaticMeshActor Name:StaticMeshActor_UAID_7C5758C4C207E0D301_1872215413 Label:ramp_low_poly SpatiallyLoaded:1 Bounds:IsValid=true, Min=(X=-267.221 Y=1526.130 Z=165.911), Max=(X=79.549 Y=1893.100 Z=280.251) RuntimeGrid:None EditorOnly:0 RuntimeOnly:0 HLODRelevant:1
 |   |   |- Guid:6F80A4B74336805774931E91E6BB10F2 BaseClass: NativeClass:/Script/Engine.StaticMeshActor Name:StaticMeshActor_UAID_7C5758C4C207E1D301_2016520635 Label:wall_low_poly15 SpatiallyLoaded:1 Bounds:IsValid=true, Min=(X=776.126 Y=108.095 Z=14.949), Max=(X=806.535 Y=558.217 Z=102.567) RuntimeGrid:None EditorOnly:0 RuntimeOnly:0 HLODRelevant:1
 |   |   |- Guid:703183EC424940A542140F89A7E43DEA BaseClass: NativeClass:/Script/Engine.StaticMeshActor Name:StaticMeshActor_UAID_7C5758C4C207E1D301_1846525627 Label:cube_low_poly2 SpatiallyLoaded:1 Bounds:IsValid=true, Min=(X=-701.572 Y=980.448 Z=8.855), Max=(X=-464.130 Y=1224.331 Z=197.619) RuntimeGrid:None EditorOnly:0 RuntimeOnly:0 HLODRelevant:1
 |   |   |- Guid:73704216431F2C73A31EA59F55FF3F11 BaseClass: NativeClass:/Script/Engine.StaticMeshActor Name:StaticMeshActor_UAID_7C5758C4C207E1D301_1904936630 Label:ramp_low_poly5 SpatiallyLoaded:1 Bounds:IsValid=true, Min=(X=-688.420 Y=695.650 Z=15.838), Max=(X=-482.974 Y=992.033 Z=192.949) RuntimeGrid:None EditorOnly:0 RuntimeOnly:0 HLODRelevant:1
 |   |   |- Guid:97186CC84507EA78C66EF9A9BC1E57CF BaseClass: NativeClass:/Script/Engine.StaticMeshActor Name:StaticMeshActor_UAID_7C5758C4C207E1D301_1620441611 Label:floor5 SpatiallyLoaded:1 Bounds:IsValid=true, Min=(X=-1084.218 Y=150.360 Z=20.000), Max=(X=-125.801 Y=1108.776 Z=20.000) RuntimeGrid:None EditorOnly:0 RuntimeOnly:0 HLODRelevant:1
 |   |   |- Guid:975021A044852F5D45CC16999515E20A BaseClass: NativeClass:/Script/Engine.StaticMeshActor Name:StaticMeshActor_UAID_7C5758C4C207E1D301_1273431602 Label:floor2 SpatiallyLoaded:1 Bounds:IsValid=true, Min=(X=-4530.490 Y=292.512 Z=20.000), Max=(X=-2612.103 Y=2210.899 Z=20.000) RuntimeGrid:None EditorOnly:0 RuntimeOnly:0 HLODRelevant:1
 |   |   |- Guid:9BC232D34BC278E2F8EAC384802C9531 BaseClass: NativeClass:/Script/Engine.StaticMeshActor Name:StaticMeshActor_UAID_7C5758C4C207E0D301_2072049420 Label:Cube_12 SpatiallyLoaded:1 Bounds:IsValid=true, Min=(X=-284.082 Y=1127.674 Z=-30.086), Max=(X=92.195 Y=2217.520 Z=170.336) RuntimeGrid:None EditorOnly:0 RuntimeOnly:0 HLODRelevant:1
 |   |   |- Guid:A6C6374146BCCD6E4CABA9990CDA430C BaseClass: NativeClass:/Script/Engine.StaticMeshActor Name:StaticMeshActor_UAID_7C5758C4C207E1D301_1949117632 Label:cube_low_poly3 SpatiallyLoaded:1 Bounds:IsValid=true, Min=(X=760.520 Y=1581.021 Z=12.945), Max=(X=905.319 Y=1719.576 Z=132.445) RuntimeGrid:None EditorOnly:0 RuntimeOnly:0 HLODRelevant:1
 |   |   |- Guid:B785ED2844B84CFB91E7F39FE661CD99 BaseClass: NativeClass:/Script/Engine.DirectionalLight Name:DirectionalLight_0 Label:DirectionalLight SpatiallyLoaded:0 Bounds:IsValid=true, Min=(X=-4398046511104.000 Y=-4398046511104.000 Z=-4398046511104.000), Max=(X=4398046511104.000 Y=4398046511104.000 Z=4398046511104.000) RuntimeGrid:None EditorOnly:0 RuntimeOnly:0 HLODRelevant:0 FolderPath:Lighting FolderGuid:963EC3EB4002CCE9759E2EBA541A873A
 |   |   |- Guid:BAC0D99D4ABB7B72AE4411A778ECFB9A BaseClass: NativeClass:/Script/Engine.StaticMeshActor Name:StaticMeshActor_UAID_7C5758C4C207E1D301_2066778639 Label:wall_low_poly18 SpatiallyLoaded:1 Bounds:IsValid=true, Min=(X=-1094.981 Y=1705.537 Z=14.949), Max=(X=-1064.572 Y=2155.658 Z=102.567) RuntimeGrid:None EditorOnly:0 RuntimeOnly:0 HLODRelevant:1
 |   |   |- Guid:BFA285384332E6DA1A78688F04F644D3 BaseClass: NativeClass:/Script/Engine.StaticMeshActor Name:StaticMeshActor_UAID_7C5758C4C207E1D301_1576081608 Label:wall_low_poly6 SpatiallyLoaded:1 Bounds:IsValid=true, Min=(X=440.797 Y=1889.983 Z=270.573), Max=(X=471.206 Y=2143.228 Z=358.191) RuntimeGrid:None EditorOnly:0 RuntimeOnly:0 HLODRelevant:1
 |   |   |- Guid:C4E0B42446C1242C249745BCF805B94E BaseClass: NativeClass:/Script/Engine.StaticMeshActor Name:StaticMeshActor_UAID_7C5758C4C207E0D301_2095347421 Label:wall_low_poly SpatiallyLoaded:1 Bounds:IsValid=true, Min=(X=72.909 Y=1882.002 Z=270.166), Max=(X=477.343 Y=1912.411 Z=357.784) RuntimeGrid:None EditorOnly:0 RuntimeOnly:0 HLODRelevant:1
 |   |   |- Guid:CA6F3776434B74AF6DC83DBE158EBAC8 BaseClass: NativeClass:/Script/Engine.StaticMeshActor Name:StaticMeshActor_UAID_7C5758C4C207E1D301_1634972612 Label:Cube_13 SpatiallyLoaded:1 Bounds:IsValid=true, Min=(X=-284.082 Y=27.637 Z=-30.086), Max=(X=92.195 Y=1117.482 Z=170.336) RuntimeGrid:None EditorOnly:0 RuntimeOnly:0 HLODRelevant:1
 |   |   |- Guid:CCFF262C46EEFFDF319E7F9539CE697E BaseClass: NativeClass:/Script/Engine.SkyAtmosphere Name:SkyAtmosphere_0 Label:SkyAtmosphere SpatiallyLoaded:0 Bounds:IsValid=true, Min=(X=0.000 Y=0.000 Z=1020.000), Max=(X=0.000 Y=0.000 Z=1020.000) RuntimeGrid:None EditorOnly:0 RuntimeOnly:0 HLODRelevant:0 FolderPath:Lighting FolderGuid:963EC3EB4002CCE9759E2EBA541A873A
 |   |   |- Guid:CE543EFB4DB01B06CD0B2B872CD13D62 BaseClass: NativeClass:/Script/Engine.StaticMeshActor Name:StaticMeshActor_UAID_7C5758C4C207E1D301_2066792645 Label:cube_low_poly6 SpatiallyLoaded:1 Bounds:IsValid=true, Min=(X=-1193.765 Y=544.177 Z=12.945), Max=(X=-1048.965 Y=682.732 Z=132.446) RuntimeGrid:None EditorOnly:0 RuntimeOnly:0 HLODRelevant:1
 |   |   |- Guid:D99DF2734F0BEAC1078894AF6E841E1D BaseClass: NativeClass:/Script/Engine.StaticMeshActor Name:StaticMeshActor_UAID_7C5758C4C207E1D301_1642738618 Label:wall_low_poly11 SpatiallyLoaded:1 Bounds:IsValid=true, Min=(X=-656.753 Y=4.786 Z=270.573), Max=(X=-626.344 Y=258.032 Z=358.191) RuntimeGrid:None EditorOnly:0 RuntimeOnly:0 HLODRelevant:1
 |   |   |- Guid:DC7485B1417F482674213CB0FD1F4716 BaseClass: NativeClass:/Script/Engine.StaticMeshActor Name:StaticMeshActor_UAID_7C5758C4C207E1D301_2066787643 Label:wall_low_poly20 SpatiallyLoaded:1 Bounds:IsValid=true, Min=(X=-1096.543 Y=104.694 Z=14.949), Max=(X=-638.323 Y=135.104 Z=102.567) RuntimeGrid:None EditorOnly:0 RuntimeOnly:0 HLODRelevant:1
 |   |   |- Guid:EC4E0C944CE6AC6E784BC6BB2916EA13 BaseClass: NativeClass:/Script/Engine.StaticMeshActor Name:StaticMeshActor_UAID_A4AE111137DC5EFB00_1110535423 Label:SM_SkySphere SpatiallyLoaded:0 Bounds:IsValid=true, Min=(X=-1638400.000 Y=-1638400.000 Z=-1638400.000), Max=(X=1638400.000 Y=1638400.000 Z=1638400.000) RuntimeGrid:None EditorOnly:0 RuntimeOnly:0 HLODRelevant:1 FolderPath:Lighting FolderGuid:963EC3EB4002CCE9759E2EBA541A873A
 |   |   |- Guid:EE7C74AE45B48B2D7AE2AEBF968C0DF8 BaseClass: NativeClass:/Script/Engine.StaticMeshActor Name:StaticMeshActor_UAID_7C5758C4C207E1D301_1904940631 Label:ramp_low_poly6 SpatiallyLoaded:1 Bounds:IsValid=true, Min=(X=-686.489 Y=1203.195 Z=15.838), Max=(X=-481.043 Y=1499.577 Z=192.949) RuntimeGrid:None EditorOnly:0 RuntimeOnly:0 HLODRelevant:1
 |   |   |- Guid:FDB755AF424EA3BB0FF14E8604B4F68B BaseClass: NativeClass:/Script/Engine.StaticMeshActor Name:StaticMeshActor_UAID_7C5758C4C207E1D301_1563724607 Label:floor3 SpatiallyLoaded:1 Bounds:IsValid=true, Min=(X=-1084.218 Y=1185.635 Z=20.000), Max=(X=-125.801 Y=2144.051 Z=20.000) RuntimeGrid:None EditorOnly:0 RuntimeOnly:0 HLODRelevant:1
 |   |   |- Guid:FEEE33EB48C9DA1F8A4F979DED7B804C BaseClass: NativeClass:/Script/Engine.StaticMeshActor Name:StaticMeshActor_UAID_7C5758C4C207E1D301_1642733616 Label:wall_low_poly9 SpatiallyLoaded:1 Bounds:IsValid=true, Min=(X=71.698 Y=235.604 Z=270.166), Max=(X=476.132 Y=266.013 Z=357.784) RuntimeGrid:None EditorOnly:0 RuntimeOnly:0 HLODRelevant:1
 |   |- [+] Clusters:
 |   |   |- [+] [  0]
 |   |   |   |- Guid:6BAF4DDD444C60371492D3919DB42C97 BaseClass: NativeClass:/Script/Engine.WorldDataLayers Name:WorldDataLayers Label:WorldDataLayers SpatiallyLoaded:0 Bounds:IsValid=true, Min=(X=0.000 Y=0.000 Z=0.000), Max=(X=0.000 Y=0.000 Z=0.000) RuntimeGrid:None EditorOnly:0 RuntimeOnly:0 HLODRelevant:0
 |   |   |- [+] [  1]
 |   |   |   |- Guid:6B694C7B40890F57593B3B97AE5D8A3C BaseClass: NativeClass:/Script/Engine.StaticMeshActor Name:StaticMeshActor_UAID_7C5758C4C207E1D301_1887749629 Label:ramp_low_poly4 SpatiallyLoaded:1 Bounds:IsValid=true, Min=(X=334.900 Y=1203.195 Z=15.838), Max=(X=540.346 Y=1499.577 Z=192.949) RuntimeGrid:None EditorOnly:0 RuntimeOnly:0 HLODRelevant:1
 |   |   |- [+] [  2]
 |   |   |   |- Guid:26353DF14384B4194ED1329EF8FC7D5D BaseClass: NativeClass:/Script/Engine.StaticMeshActor Name:StaticMeshActor_UAID_7C5758C4C207E1D301_1834738626 Label:Cube_18 SpatiallyLoaded:1 Bounds:IsValid=true, Min=(X=-573.932 Y=1001.986 Z=-50.627), Max=(X=468.002 Y=1212.767 Z=149.795) RuntimeGrid:None EditorOnly:0 RuntimeOnly:0 HLODRelevant:1
 |   |   |- [+] [  3]
 |   |   |   |- Guid:066C56884FAC2AEF0A63B481A37C48B2 BaseClass: NativeClass:/Script/Engine.StaticMeshActor Name:StaticMeshActor_UAID_7C5758C4C207E1D301_1851794628 Label:ramp_low_poly3 SpatiallyLoaded:1 Bounds:IsValid=true, Min=(X=332.969 Y=695.650 Z=15.838), Max=(X=538.416 Y=992.033 Z=192.949) RuntimeGrid:None EditorOnly:0 RuntimeOnly:0 HLODRelevant:1
 |   |   |- [+] [  4]
 |   |   |   |- Guid:703183EC424940A542140F89A7E43DEA BaseClass: NativeClass:/Script/Engine.StaticMeshActor Name:StaticMeshActor_UAID_7C5758C4C207E1D301_1846525627 Label:cube_low_poly2 SpatiallyLoaded:1 Bounds:IsValid=true, Min=(X=-701.572 Y=980.448 Z=8.855), Max=(X=-464.130 Y=1224.331 Z=197.619) RuntimeGrid:None EditorOnly:0 RuntimeOnly:0 HLODRelevant:1
 |   |   |- [+] [  5]
 |   |   |   |- Guid:4D3BE93F4146AAAC8BBE79999D96D57F BaseClass: NativeClass:/Script/Engine.VolumetricCloud Name:VolumetricCloud_0 Label:VolumetricCloud SpatiallyLoaded:0 Bounds:IsValid=true, Min=(X=0.000 Y=0.000 Z=820.000), Max=(X=0.000 Y=0.000 Z=820.000) RuntimeGrid:None EditorOnly:0 RuntimeOnly:0 HLODRelevant:0 FolderPath:Lighting FolderGuid:963EC3EB4002CCE9759E2EBA541A873A
 |   |   |- [+] [  6]
 |   |   |   |- Guid:682901DD4BA846EE918749B9BAFA4313 BaseClass: NativeClass:/Script/Engine.StaticMeshActor Name:StaticMeshActor_UAID_7C5758C4C207E1D301_1788539625 Label:cube_low_poly SpatiallyLoaded:1 Bounds:IsValid=true, Min=(X=321.238 Y=980.448 Z=8.855), Max=(X=558.680 Y=1224.331 Z=197.619) RuntimeGrid:None EditorOnly:0 RuntimeOnly:0 HLODRelevant:1
 |   |   |- [+] [  7]
 |   |   |   |- Guid:42773D1743584AB703F0E68E46F45163 BaseClass: NativeClass:/Script/Engine.StaticMeshActor Name:StaticMeshActor_UAID_7C5758C4C207E1D301_1778216624 Label:Cube_17 SpatiallyLoaded:1 Bounds:IsValid=true, Min=(X=793.250 Y=596.149 Z=-158.342), Max=(X=870.962 Y=1626.945 Z=42.080) RuntimeGrid:None EditorOnly:0 RuntimeOnly:0 HLODRelevant:1
 |   |   |- [+] [  8]
 |   |   |   |- Guid:29389E014654F03D6C886EAE01A6807C BaseClass: NativeClass:/Script/Engine.StaticMeshActor Name:StaticMeshActor_UAID_7C5758C4C207E1D301_2066774638 Label:wall_low_poly17 SpatiallyLoaded:1 Bounds:IsValid=true, Min=(X=-1091.715 Y=2128.650 Z=14.611), Max=(X=-602.537 Y=2159.059 Z=102.229) RuntimeGrid:None EditorOnly:0 RuntimeOnly:0 HLODRelevant:1
 |   |   |- [+] [  9]
 |   |   |   |- Guid:CCFF262C46EEFFDF319E7F9539CE697E BaseClass: NativeClass:/Script/Engine.SkyAtmosphere Name:SkyAtmosphere_0 Label:SkyAtmosphere SpatiallyLoaded:0 Bounds:IsValid=true, Min=(X=0.000 Y=0.000 Z=1020.000), Max=(X=0.000 Y=0.000 Z=1020.000) RuntimeGrid:None EditorOnly:0 RuntimeOnly:0 HLODRelevant:0 FolderPath:Lighting FolderGuid:963EC3EB4002CCE9759E2EBA541A873A
 |   |   |- [+] [ 10]
 |   |   |   |- Guid:EC4E0C944CE6AC6E784BC6BB2916EA13 BaseClass: NativeClass:/Script/Engine.StaticMeshActor Name:StaticMeshActor_UAID_A4AE111137DC5EFB00_1110535423 Label:SM_SkySphere SpatiallyLoaded:0 Bounds:IsValid=true, Min=(X=-1638400.000 Y=-1638400.000 Z=-1638400.000), Max=(X=1638400.000 Y=1638400.000 Z=1638400.000) RuntimeGrid:None EditorOnly:0 RuntimeOnly:0 HLODRelevant:1 FolderPath:Lighting FolderGuid:963EC3EB4002CCE9759E2EBA541A873A
 |   |   |- [+] [ 11]
 |   |   |   |- Guid:394664CF4E5618B7A65B0B840A6EB99E BaseClass: NativeClass:/Script/Engine.StaticMeshActor Name:StaticMeshActor_UAID_7C5758C4C207E1D301_1690294621 Label:Cube_15 SpatiallyLoaded:1 Bounds:IsValid=true, Min=(X=-1096.674 Y=1053.081 Z=-162.594), Max=(X=816.707 Y=1174.611 Z=37.828) RuntimeGrid:None EditorOnly:0 RuntimeOnly:0 HLODRelevant:1
 |   |   |- [+] [ 12]
 |   |   |   |- Guid:4A465D3A48AAE2B9BE22BF8B188ED585 BaseClass: NativeClass:/Script/Engine.PostProcessVolume Name:PostProcessVolume_UAID_7C5758C4C207E1D301_1664993620 Label:PostProcessVolume SpatiallyLoaded:1 Bounds:IsValid=true, Min=(X=-2181.160 Y=-1162.187 Z=-1068.820), Max=(X=2115.268 Y=3193.760 Z=1870.688) RuntimeGrid:None EditorOnly:0 RuntimeOnly:0 HLODRelevant:0
 |   |   |- [+] [ 13]
 |   |   |   |- Guid:2B2ED3D047A2A8CD2BF983AF69742848 BaseClass: NativeClass:/Script/Engine.StaticMeshActor Name:StaticMeshActor_UAID_7C5758C4C207E1D301_1642740619 Label:wall_low_poly12 SpatiallyLoaded:1 Bounds:IsValid=true, Min=(X=440.425 Y=4.786 Z=270.573), Max=(X=470.834 Y=258.032 Z=358.191) RuntimeGrid:None EditorOnly:0 RuntimeOnly:0 HLODRelevant:1
 |   |   |- [+] [ 14]
 |   |   |   |- Guid:D99DF2734F0BEAC1078894AF6E841E1D BaseClass: NativeClass:/Script/Engine.StaticMeshActor Name:StaticMeshActor_UAID_7C5758C4C207E1D301_1642738618 Label:wall_low_poly11 SpatiallyLoaded:1 Bounds:IsValid=true, Min=(X=-656.753 Y=4.786 Z=270.573), Max=(X=-626.344 Y=258.032 Z=358.191) RuntimeGrid:None EditorOnly:0 RuntimeOnly:0 HLODRelevant:1
 |   |   |- [+] [ 15]
 |   |   |   |- Guid:B785ED2844B84CFB91E7F39FE661CD99 BaseClass: NativeClass:/Script/Engine.DirectionalLight Name:DirectionalLight_0 Label:DirectionalLight SpatiallyLoaded:0 Bounds:IsValid=true, Min=(X=-4398046511104.000 Y=-4398046511104.000 Z=-4398046511104.000), Max=(X=4398046511104.000 Y=4398046511104.000 Z=4398046511104.000) RuntimeGrid:None EditorOnly:0 RuntimeOnly:0 HLODRelevant:0 FolderPath:Lighting FolderGuid:963EC3EB4002CCE9759E2EBA541A873A
 |   |   |- [+] [ 16]
 |   |   |   |- Guid:0FCF65154AFF1AA5CF8D8BBD401A074D BaseClass: NativeClass:/Script/Engine.StaticMeshActor Name:StaticMeshActor_UAID_7C5758C4C207E1D301_1642736617 Label:wall_low_poly10 SpatiallyLoaded:1 Bounds:IsValid=true, Min=(X=-663.247 Y=-11.044 Z=270.166), Max=(X=459.118 Y=19.365 Z=357.784) RuntimeGrid:None EditorOnly:0 RuntimeOnly:0 HLODRelevant:1
 |   |   |- [+] [ 17]
 |   |   |   |- Guid:FEEE33EB48C9DA1F8A4F979DED7B804C BaseClass: NativeClass:/Script/Engine.StaticMeshActor Name:StaticMeshActor_UAID_7C5758C4C207E1D301_1642733616 Label:wall_low_poly9 SpatiallyLoaded:1 Bounds:IsValid=true, Min=(X=71.698 Y=235.604 Z=270.166), Max=(X=476.132 Y=266.013 Z=357.784) RuntimeGrid:None EditorOnly:0 RuntimeOnly:0 HLODRelevant:1
 |   |   |- [+] [ 18]
 |   |   |   |- Guid:6C1B6A084C9892D38B70799E0F539A18 BaseClass: NativeClass:/Script/Engine.StaticMeshActor Name:StaticMeshActor_UAID_7C5758C4C207E1D301_1642731615 Label:wall_low_poly8 SpatiallyLoaded:1 Bounds:IsValid=true, Min=(X=-662.890 Y=235.604 Z=270.166), Max=(X=-258.456 Y=266.013 Z=357.784) RuntimeGrid:None EditorOnly:0 RuntimeOnly:0 HLODRelevant:1
 |   |   |- [+] [ 19]
 |   |   |   |- Guid:316CF2A6494ACA4C0E4180A87D36AB8F BaseClass: NativeClass:/Script/Engine.ExponentialHeightFog Name:ExponentialHeightFog_0 Label:ExponentialHeightFog SpatiallyLoaded:0 Bounds:IsValid=true, Min=(X=-5600.000 Y=-50.000 Z=-6850.000), Max=(X=-5600.000 Y=-50.000 Z=-6850.000) RuntimeGrid:None EditorOnly:0 RuntimeOnly:0 HLODRelevant:0 FolderPath:Lighting FolderGuid:963EC3EB4002CCE9759E2EBA541A873A
 |   |   |- [+] [ 20]
 |   |   |   |- Guid:2B930DD44A4B9DDD01BAF7AEC2E0779B BaseClass: NativeClass:/Script/Engine.StaticMeshActor Name:StaticMeshActor_UAID_7C5758C4C207E1D301_1642728614 Label:Cube_14 SpatiallyLoaded:1 Bounds:IsValid=true, Min=(X=-662.640 Y=-31.580 Z=-9.031), Max=(X=467.588 Y=266.428 Z=280.724) RuntimeGrid:None EditorOnly:0 RuntimeOnly:0 HLODRelevant:1
 |   |   |- [+] [ 21]
 |   |   |   |- Guid:34743AF54652069DC6EE27935B05EA68 BaseClass: NativeClass:/Script/Engine.StaticMeshActor Name:StaticMeshActor_UAID_7C5758C4C207E1D301_1642725613 Label:ramp_low_poly2 SpatiallyLoaded:1 Bounds:IsValid=true, Min=(X=-265.096 Y=254.914 Z=165.911), Max=(X=81.674 Y=621.885 Z=280.251) RuntimeGrid:None EditorOnly:0 RuntimeOnly:0 HLODRelevant:1
 |   |   |- [+] [ 22]
 |   |   |   |- Guid:CA6F3776434B74AF6DC83DBE158EBAC8 BaseClass: NativeClass:/Script/Engine.StaticMeshActor Name:StaticMeshActor_UAID_7C5758C4C207E1D301_1634972612 Label:Cube_13 SpatiallyLoaded:1 Bounds:IsValid=true, Min=(X=-284.082 Y=27.637 Z=-30.086), Max=(X=92.195 Y=1117.482 Z=170.336) RuntimeGrid:None EditorOnly:0 RuntimeOnly:0 HLODRelevant:1
 |   |   |- [+] [ 23]
 |   |   |   |- Guid:97186CC84507EA78C66EF9A9BC1E57CF BaseClass: NativeClass:/Script/Engine.StaticMeshActor Name:StaticMeshActor_UAID_7C5758C4C207E1D301_1620441611 Label:floor5 SpatiallyLoaded:1 Bounds:IsValid=true, Min=(X=-1084.218 Y=150.360 Z=20.000), Max=(X=-125.801 Y=1108.776 Z=20.000) RuntimeGrid:None EditorOnly:0 RuntimeOnly:0 HLODRelevant:1
 |   |   |- [+] [ 24]
 |   |   |   |- Guid:2FB58999456391D349DC0F86DAC136ED BaseClass: NativeClass:/Script/Engine.SkyLight Name:SkyLight_1 Label:SkyLight SpatiallyLoaded:0 Bounds:IsValid=true, Min=(X=0.000 Y=0.000 Z=690.000), Max=(X=0.000 Y=0.000 Z=690.000) RuntimeGrid:None EditorOnly:0 RuntimeOnly:0 HLODRelevant:0 FolderPath:Lighting FolderGuid:963EC3EB4002CCE9759E2EBA541A873A
 |   |   |- [+] [ 25]
 |   |   |   |- Guid:4580400943CA1CC7067D26B0353D4DF8 BaseClass: NativeClass:/Script/Engine.StaticMeshActor Name:StaticMeshActor_UAID_7C5758C4C207E1D301_1620437610 Label:floor4 SpatiallyLoaded:1 Bounds:IsValid=true, Min=(X=-155.942 Y=114.679 Z=20.000), Max=(X=802.475 Y=1073.096 Z=20.000) RuntimeGrid:None EditorOnly:0 RuntimeOnly:0 HLODRelevant:1
 |   |   |- [+] [ 26]
 |   |   |   |- Guid:21545F004CB2D121DF36EB9D1D5D402F BaseClass: NativeClass:/Script/Engine.StaticMeshActor Name:StaticMeshActor_UAID_7C5758C4C207E1D301_1598390609 Label:wall_low_poly7 SpatiallyLoaded:1 Bounds:IsValid=true, Min=(X=-656.381 Y=1889.983 Z=270.573), Max=(X=-625.972 Y=2143.228 Z=358.191) RuntimeGrid:None EditorOnly:0 RuntimeOnly:0 HLODRelevant:1
 |   |   |- [+] [ 27]
 |   |   |   |- Guid:BFA285384332E6DA1A78688F04F644D3 BaseClass: NativeClass:/Script/Engine.StaticMeshActor Name:StaticMeshActor_UAID_7C5758C4C207E1D301_1576081608 Label:wall_low_poly6 SpatiallyLoaded:1 Bounds:IsValid=true, Min=(X=440.797 Y=1889.983 Z=270.573), Max=(X=471.206 Y=2143.228 Z=358.191) RuntimeGrid:None EditorOnly:0 RuntimeOnly:0 HLODRelevant:1
 |   |   |- [+] [ 28]
 |   |   |   |- Guid:FDB755AF424EA3BB0FF14E8604B4F68B BaseClass: NativeClass:/Script/Engine.StaticMeshActor Name:StaticMeshActor_UAID_7C5758C4C207E1D301_1563724607 Label:floor3 SpatiallyLoaded:1 Bounds:IsValid=true, Min=(X=-1084.218 Y=1185.635 Z=20.000), Max=(X=-125.801 Y=2144.051 Z=20.000) RuntimeGrid:None EditorOnly:0 RuntimeOnly:0 HLODRelevant:1
 |   |   |- [+] [ 29]
 |   |   |   |- Guid:12B1F9754C35C94E7DA1038FF8AD19C6 BaseClass: NativeClass:/Script/Engine.StaticMeshActor Name:StaticMeshActor_UAID_7C5758C4C207E1D301_1469910604 Label:wall_low_poly3 SpatiallyLoaded:1 Bounds:IsValid=true, Min=(X=-644.665 Y=2128.650 Z=270.166), Max=(X=477.700 Y=2159.059 Z=357.784) RuntimeGrid:None EditorOnly:0 RuntimeOnly:0 HLODRelevant:1
 |   |   |- [+] [ 30]
 |   |   |   |- Guid:975021A044852F5D45CC16999515E20A BaseClass: NativeClass:/Script/Engine.StaticMeshActor Name:StaticMeshActor_UAID_7C5758C4C207E1D301_1273431602 Label:floor2 SpatiallyLoaded:1 Bounds:IsValid=true, Min=(X=-4530.490 Y=292.512 Z=20.000), Max=(X=-2612.103 Y=2210.899 Z=20.000) RuntimeGrid:None EditorOnly:0 RuntimeOnly:0 HLODRelevant:1
 |   |   |- [+] [ 31]
 |   |   |   |- Guid:185121B64B3FC23A5251FA9A4662E870 BaseClass: NativeClass:/Script/Engine.StaticMeshActor Name:StaticMeshActor_UAID_7C5758C4C207E1D301_1187164600 Label:wall_low_poly2 SpatiallyLoaded:1 Bounds:IsValid=true, Min=(X=-661.679 Y=1882.002 Z=270.166), Max=(X=-257.245 Y=1912.411 Z=357.784) RuntimeGrid:None EditorOnly:0 RuntimeOnly:0 HLODRelevant:1
 |   |   |- [+] [ 32]
 |   |   |   |- Guid:2F9B363745D30BF016EAD4A934ACA87F BaseClass: NativeClass:/Script/Engine.StaticMeshActor Name:StaticMeshActor_UAID_7C5758C4C207E1D301_1158904599 Label:floor SpatiallyLoaded:1 Bounds:IsValid=true, Min=(X=-155.941 Y=1185.635 Z=20.000), Max=(X=802.474 Y=2144.051 Z=20.000) RuntimeGrid:None EditorOnly:0 RuntimeOnly:0 HLODRelevant:1
 |   |   |- [+] [ 33]
 |   |   |   |- Guid:C4E0B42446C1242C249745BCF805B94E BaseClass: NativeClass:/Script/Engine.StaticMeshActor Name:StaticMeshActor_UAID_7C5758C4C207E0D301_2095347421 Label:wall_low_poly SpatiallyLoaded:1 Bounds:IsValid=true, Min=(X=72.909 Y=1882.002 Z=270.166), Max=(X=477.343 Y=1912.411 Z=357.784) RuntimeGrid:None EditorOnly:0 RuntimeOnly:0 HLODRelevant:1
 |   |   |- [+] [ 34]
 |   |   |   |- Guid:279705904F07EED35A223696C62B6F14 BaseClass: NativeClass:/Script/Engine.StaticMeshActor Name:StaticMeshActor_UAID_7C5758C4C207E0D301_1950100415 Label:Cube_11 SpatiallyLoaded:1 Bounds:IsValid=true, Min=(X=-653.135 Y=1881.586 Z=-9.031), Max=(X=477.093 Y=2179.595 Z=280.724) RuntimeGrid:None EditorOnly:0 RuntimeOnly:0 HLODRelevant:1
 |   |   |- [+] [ 35]
 |   |   |   |- Guid:6EC17C354A87C1B8E57344B23D45DD0C BaseClass: NativeClass:/Script/Engine.StaticMeshActor Name:StaticMeshActor_UAID_7C5758C4C207E0D301_1872215413 Label:ramp_low_poly SpatiallyLoaded:1 Bounds:IsValid=true, Min=(X=-267.221 Y=1526.130 Z=165.911), Max=(X=79.549 Y=1893.100 Z=280.251) RuntimeGrid:None EditorOnly:0 RuntimeOnly:0 HLODRelevant:1
 |   |   |- [+] [ 36]
 |   |   |   |- Guid:072E57E041F70EB714802ABEE26D9DB1 BaseClass: NativeClass:/Script/Engine.StaticMeshActor Name:StaticMeshActor_UAID_7C5758C4C207E1D301_1543418606 Label:wall_low_poly5 SpatiallyLoaded:1 Bounds:IsValid=true, Min=(X=776.126 Y=1705.537 Z=14.949), Max=(X=806.535 Y=2155.659 Z=102.567) RuntimeGrid:None EditorOnly:0 RuntimeOnly:0 HLODRelevant:1
 |   |   |- [+] [ 37]
 |   |   |   |- Guid:1000A6F0488C58FF673EBAA188683237 BaseClass: NativeClass:/Script/Engine.StaticMeshActor Name:StaticMeshActor_UAID_7C5758C4C207E1D301_1500351605 Label:wall_low_poly4 SpatiallyLoaded:1 Bounds:IsValid=true, Min=(X=436.678 Y=2128.650 Z=14.611), Max=(X=805.730 Y=2159.059 Z=102.229) RuntimeGrid:None EditorOnly:0 RuntimeOnly:0 HLODRelevant:1
 |   |   |- [+] [ 38]
 |   |   |   |- Guid:9BC232D34BC278E2F8EAC384802C9531 BaseClass: NativeClass:/Script/Engine.StaticMeshActor Name:StaticMeshActor_UAID_7C5758C4C207E0D301_2072049420 Label:Cube_12 SpatiallyLoaded:1 Bounds:IsValid=true, Min=(X=-284.082 Y=1127.674 Z=-30.086), Max=(X=92.195 Y=2217.520 Z=170.336) RuntimeGrid:None EditorOnly:0 RuntimeOnly:0 HLODRelevant:1
 |   |   |- [+] [ 39]
 |   |   |   |- Guid:73704216431F2C73A31EA59F55FF3F11 BaseClass: NativeClass:/Script/Engine.StaticMeshActor Name:StaticMeshActor_UAID_7C5758C4C207E1D301_1904936630 Label:ramp_low_poly5 SpatiallyLoaded:1 Bounds:IsValid=true, Min=(X=-688.420 Y=695.650 Z=15.838), Max=(X=-482.974 Y=992.033 Z=192.949) RuntimeGrid:None EditorOnly:0 RuntimeOnly:0 HLODRelevant:1
 |   |   |- [+] [ 40]
 |   |   |   |- Guid:EE7C74AE45B48B2D7AE2AEBF968C0DF8 BaseClass: NativeClass:/Script/Engine.StaticMeshActor Name:StaticMeshActor_UAID_7C5758C4C207E1D301_1904940631 Label:ramp_low_poly6 SpatiallyLoaded:1 Bounds:IsValid=true, Min=(X=-686.489 Y=1203.195 Z=15.838), Max=(X=-481.043 Y=1499.577 Z=192.949) RuntimeGrid:None EditorOnly:0 RuntimeOnly:0 HLODRelevant:1
 |   |   |- [+] [ 41]
 |   |   |   |- Guid:A6C6374146BCCD6E4CABA9990CDA430C BaseClass: NativeClass:/Script/Engine.StaticMeshActor Name:StaticMeshActor_UAID_7C5758C4C207E1D301_1949117632 Label:cube_low_poly3 SpatiallyLoaded:1 Bounds:IsValid=true, Min=(X=760.520 Y=1581.021 Z=12.945), Max=(X=905.319 Y=1719.576 Z=132.445) RuntimeGrid:None EditorOnly:0 RuntimeOnly:0 HLODRelevant:1
 |   |   |- [+] [ 42]
 |   |   |   |- Guid:1B98163D45F20A316B19B5A2993CE074 BaseClass: NativeClass:/Script/Engine.StaticMeshActor Name:StaticMeshActor_UAID_7C5758C4C207E1D301_2000236633 Label:wall_low_poly13 SpatiallyLoaded:1 Bounds:IsValid=true, Min=(X=776.126 Y=1487.165 Z=14.949), Max=(X=806.535 Y=1635.341 Z=102.567) RuntimeGrid:None EditorOnly:0 RuntimeOnly:0 HLODRelevant:1
 |   |   |- [+] [ 43]
 |   |   |   |- Guid:3B53993A48FB1D8F6297EA92158CDFA5 BaseClass: NativeClass:/Script/Engine.StaticMeshActor Name:StaticMeshActor_UAID_7C5758C4C207E1D301_2016517634 Label:wall_low_poly14 SpatiallyLoaded:1 Bounds:IsValid=true, Min=(X=437.695 Y=104.694 Z=14.949), Max=(X=806.747 Y=135.104 Z=102.567) RuntimeGrid:None EditorOnly:0 RuntimeOnly:0 HLODRelevant:1
 |   |   |- [+] [ 44]
 |   |   |   |- Guid:6F80A4B74336805774931E91E6BB10F2 BaseClass: NativeClass:/Script/Engine.StaticMeshActor Name:StaticMeshActor_UAID_7C5758C4C207E1D301_2016520635 Label:wall_low_poly15 SpatiallyLoaded:1 Bounds:IsValid=true, Min=(X=776.126 Y=108.095 Z=14.949), Max=(X=806.535 Y=558.217 Z=102.567) RuntimeGrid:None EditorOnly:0 RuntimeOnly:0 HLODRelevant:1
 |   |   |- [+] [ 45]
 |   |   |   |- Guid:1D0674A8475DFCB4E67000BCE3F6D9D6 BaseClass: NativeClass:/Script/Engine.StaticMeshActor Name:StaticMeshActor_UAID_7C5758C4C207E1D301_2016523636 Label:cube_low_poly4 SpatiallyLoaded:1 Bounds:IsValid=true, Min=(X=760.520 Y=544.177 Z=12.945), Max=(X=905.319 Y=682.732 Z=132.446) RuntimeGrid:None EditorOnly:0 RuntimeOnly:0 HLODRelevant:1
 |   |   |- [+] [ 46]
 |   |   |   |- Guid:2E57A9CD4376E9FE396C3382CD60B0B6 BaseClass: NativeClass:/Script/Engine.StaticMeshActor Name:StaticMeshActor_UAID_7C5758C4C207E1D301_2016525637 Label:wall_low_poly16 SpatiallyLoaded:1 Bounds:IsValid=true, Min=(X=776.126 Y=628.412 Z=14.949), Max=(X=806.535 Y=776.588 Z=102.567) RuntimeGrid:None EditorOnly:0 RuntimeOnly:0 HLODRelevant:1
 |   |   |- [+] [ 47]
 |   |   |   |- Guid:BAC0D99D4ABB7B72AE4411A778ECFB9A BaseClass: NativeClass:/Script/Engine.StaticMeshActor Name:StaticMeshActor_UAID_7C5758C4C207E1D301_2066778639 Label:wall_low_poly18 SpatiallyLoaded:1 Bounds:IsValid=true, Min=(X=-1094.981 Y=1705.537 Z=14.949), Max=(X=-1064.572 Y=2155.658 Z=102.567) RuntimeGrid:None EditorOnly:0 RuntimeOnly:0 HLODRelevant:1
 |   |   |- [+] [ 48]
 |   |   |   |- Guid:394E138749238B8F4B681D91B9D50774 BaseClass: NativeClass:/Script/Engine.StaticMeshActor Name:StaticMeshActor_UAID_7C5758C4C207E1D301_2066780640 Label:Cube_19 SpatiallyLoaded:1 Bounds:IsValid=true, Min=(X=-1159.407 Y=596.149 Z=-158.342), Max=(X=-1081.696 Y=1626.945 Z=42.080) RuntimeGrid:None EditorOnly:0 RuntimeOnly:0 HLODRelevant:1
 |   |   |- [+] [ 49]
 |   |   |   |- Guid:6D828C524E6878833E6F0CA8E769C3B8 BaseClass: NativeClass:/Script/Engine.StaticMeshActor Name:StaticMeshActor_UAID_7C5758C4C207E1D301_2066783641 Label:cube_low_poly5 SpatiallyLoaded:1 Bounds:IsValid=true, Min=(X=-1193.765 Y=1581.021 Z=12.945), Max=(X=-1048.965 Y=1719.576 Z=132.446) RuntimeGrid:None EditorOnly:0 RuntimeOnly:0 HLODRelevant:1
 |   |   |- [+] [ 50]
 |   |   |   |- Guid:1EDB320943C46CA12A78A8904DAFB8E9 BaseClass: NativeClass:/Script/Engine.StaticMeshActor Name:StaticMeshActor_UAID_7C5758C4C207E1D301_2066785642 Label:wall_low_poly19 SpatiallyLoaded:1 Bounds:IsValid=true, Min=(X=-1094.981 Y=1487.165 Z=14.949), Max=(X=-1064.572 Y=1635.341 Z=102.567) RuntimeGrid:None EditorOnly:0 RuntimeOnly:0 HLODRelevant:1
 |   |   |- [+] [ 51]
 |   |   |   |- Guid:DC7485B1417F482674213CB0FD1F4716 BaseClass: NativeClass:/Script/Engine.StaticMeshActor Name:StaticMeshActor_UAID_7C5758C4C207E1D301_2066787643 Label:wall_low_poly20 SpatiallyLoaded:1 Bounds:IsValid=true, Min=(X=-1096.543 Y=104.694 Z=14.949), Max=(X=-638.323 Y=135.104 Z=102.567) RuntimeGrid:None EditorOnly:0 RuntimeOnly:0 HLODRelevant:1
 |   |   |- [+] [ 52]
 |   |   |   |- Guid:211ECE8B489BF5DB3D4902B3A6B12B81 BaseClass: NativeClass:/Script/Engine.StaticMeshActor Name:StaticMeshActor_UAID_7C5758C4C207E1D301_2066789644 Label:wall_low_poly21 SpatiallyLoaded:1 Bounds:IsValid=true, Min=(X=-1094.981 Y=108.095 Z=14.949), Max=(X=-1064.572 Y=558.217 Z=102.567) RuntimeGrid:None EditorOnly:0 RuntimeOnly:0 HLODRelevant:1
 |   |   |- [+] [ 53]
 |   |   |   |- Guid:CE543EFB4DB01B06CD0B2B872CD13D62 BaseClass: NativeClass:/Script/Engine.StaticMeshActor Name:StaticMeshActor_UAID_7C5758C4C207E1D301_2066792645 Label:cube_low_poly6 SpatiallyLoaded:1 Bounds:IsValid=true, Min=(X=-1193.765 Y=544.177 Z=12.945), Max=(X=-1048.965 Y=682.732 Z=132.446) RuntimeGrid:None EditorOnly:0 RuntimeOnly:0 HLODRelevant:1
 |   |   |- [+] [ 54]
 |   |   |   |- Guid:008AF93B43BED98FB76D34A7A233EFCD BaseClass: NativeClass:/Script/Engine.StaticMeshActor Name:StaticMeshActor_UAID_7C5758C4C207E1D301_2066795646 Label:wall_low_poly22 SpatiallyLoaded:1 Bounds:IsValid=true, Min=(X=-1094.981 Y=628.412 Z=14.949), Max=(X=-1064.572 Y=776.588 Z=102.567) RuntimeGrid:None EditorOnly:0 RuntimeOnly:0 HLODRelevant:1
 |- ContainerInstances:
 |- [+] MainContainer:
 |   |-        ID: 0x0000000000000000
 |   |-    Bounds: IsValid=false, Min=(X=0.000 Y=0.000 Z=0.000), Max=(X=0.000 Y=0.000 Z=0.000)
 |   |- Transform: 0.000000,0.000000,0.000000|0.000000,0.000000,-0.000000|1.000000,1.000000,1.000000
 |   |- Container: /Game/ThirdPerson/Maps/ThirdPersonMap
----------------------------------------------------------------------------------------------------------------
ThirdPersonMap - Persistent Level
----------------------------------------------------------------------------------------------------------------
Always loaded Actor Count: 63 

----------------------------------------------------------------------------------------------------------------
ThirdPersonMap - Runtime Spatial Hash - Streaming Grid - MainGrid
----------------------------------------------------------------------------------------------------------------
            Origin: X=0.000 Y=0.000 Z=0.000
         Cell Size: 12800
      World Bounds: IsValid=false, Min=(X=0.000 Y=0.000 Z=0.000), Max=(X=0.000 Y=0.000 Z=0.000)
     Loading Range: 25600.00
Block Slow Loading: No
 ClientOnlyVisible: No

[+] Grid Levels: 1
 |- Level  0: Cell Count    0 | Cell Size   12800 | Actor Count    0 (0.0%)

[+] Content of Grid Level 0

